<?xml version="1.0" encoding="UTF-8"?>
<testng-results skipped="0" failed="0" ignored="0" total="1" passed="1">
  <reporter-output>
  </reporter-output>
  <suite name="Default suite" duration-ms="116583" started-at="2019-10-14T14:42:43Z" finished-at="2019-10-14T14:44:40Z">
    <groups>
    </groups>
    <test name="Default test" duration-ms="116583" started-at="2019-10-14T14:42:43Z" finished-at="2019-10-14T14:44:40Z">
      <class name="practice.EventFiringWebDriverExample">
        <test-method status="PASS" signature="setUpBrowser()[pri:0, instance:practice.EventFiringWebDriverExample@6648b0]" name="setUpBrowser" is-config="true" duration-ms="108299" started-at="2019-10-14T14:42:43Z" finished-at="2019-10-14T14:44:32Z">
          <reporter-output>
          </reporter-output>
        </test-method> <!-- setUpBrowser -->
        <test-method status="PASS" signature="testMethod()[pri:0, instance:practice.EventFiringWebDriverExample@6648b0]" name="testMethod" duration-ms="6917" started-at="2019-10-14T14:44:32Z" finished-at="2019-10-14T14:44:39Z">
          <reporter-output>
          </reporter-output>
        </test-method> <!-- testMethod -->
        <test-method status="PASS" signature="quitTheBrowser()[pri:0, instance:practice.EventFiringWebDriverExample@6648b0]" name="quitTheBrowser" is-config="true" duration-ms="1213" started-at="2019-10-14T14:44:39Z" finished-at="2019-10-14T14:44:40Z">
          <reporter-output>
          </reporter-output>
        </test-method> <!-- quitTheBrowser -->
      </class> <!-- practice.EventFiringWebDriverExample -->
    </test> <!-- Default test -->
  </suite> <!-- Default suite -->
</testng-results>
